[  0%] Built target sensor_msgs_generate_messages_cpp
[  0%] Built target geometry_msgs_generate_messages_cpp
[  0%] Built target std_msgs_generate_messages_cpp
[  0%] Built target sensor_msgs_generate_messages_py
[  0%] Built target sensor_msgs_generate_messages_eus
[  0%] Built target std_msgs_generate_messages_py
[  0%] Built target geometry_msgs_generate_messages_py
[  0%] Built target geometry_msgs_generate_messages_lisp
[  0%] Built target std_msgs_generate_messages_eus
[  0%] Built target geometry_msgs_generate_messages_eus
[  0%] Built target _ouster_ros_generate_messages_check_deps_PacketMsg
[  0%] Built target sensor_msgs_generate_messages_lisp
[  8%] Built target pc2_test
[  8%] Built target std_msgs_generate_messages_nodejs
[  8%] Built target std_msgs_generate_messages_lisp
[  8%] Built target geometry_msgs_generate_messages_nodejs
[  8%] Built target sensor_msgs_generate_messages_nodejs
[  8%] Built target _ouster_ros_generate_messages_check_deps_OS1ConfigSrv
[ 16%] Built target ouster_ros_generate_messages_nodejs
[ 28%] Built target ouster_ros_generate_messages_eus
[ 44%] Built target ouster_ros_generate_messages_py
[ 52%] Built target ouster_ros_generate_messages_cpp
[ 60%] Built target ouster_ros_generate_messages_lisp
[ 60%] Built target ouster_ros_gencpp
[ 60%] Built target ouster_ros_generate_messages
[ 68%] Built target ouster_ros
[ 76%] Built target viz_node
[ 84%] Built target img_node
[ 92%] Built target os1_cloud_node
[100%] Built target os1_node
