Determining if the pthread_create exist failed with the following output:
Change Dir: /home/alejandro/catkin_ws/build/ouster_client/CMakeFiles/CMakeTmp

Run Build Command:"/usr/bin/make" "cmTC_747eb/fast"
/usr/bin/make -f CMakeFiles/cmTC_747eb.dir/build.make CMakeFiles/cmTC_747eb.dir/build
make[1]: Entering directory '/home/alejandro/catkin_ws/build/ouster_client/CMakeFiles/CMakeTmp'
Building C object CMakeFiles/cmTC_747eb.dir/CheckSymbolExists.c.o
/usr/bin/cc     -o CMakeFiles/cmTC_747eb.dir/CheckSymbolExists.c.o   -c /home/alejandro/catkin_ws/build/ouster_client/CMakeFiles/CMakeTmp/CheckSymbolExists.c
Linking C executable cmTC_747eb
/usr/bin/cmake -E cmake_link_script CMakeFiles/cmTC_747eb.dir/link.txt --verbose=1
/usr/bin/cc       CMakeFiles/cmTC_747eb.dir/CheckSymbolExists.c.o  -o cmTC_747eb -rdynamic 
CMakeFiles/cmTC_747eb.dir/CheckSymbolExists.c.o: In function `main':
CheckSymbolExists.c:(.text+0x16): undefined reference to `pthread_create'
collect2: error: ld returned 1 exit status
CMakeFiles/cmTC_747eb.dir/build.make:97: recipe for target 'cmTC_747eb' failed
make[1]: *** [cmTC_747eb] Error 1
make[1]: Leaving directory '/home/alejandro/catkin_ws/build/ouster_client/CMakeFiles/CMakeTmp'
Makefile:126: recipe for target 'cmTC_747eb/fast' failed
make: *** [cmTC_747eb/fast] Error 2

File /home/alejandro/catkin_ws/build/ouster_client/CMakeFiles/CMakeTmp/CheckSymbolExists.c:
/* */
#include <pthread.h>

int main(int argc, char** argv)
{
  (void)argv;
#ifndef pthread_create
  return ((int*)(&pthread_create))[argc];
#else
  (void)argc;
  return 0;
#endif
}

Determining if the function pthread_create exists in the pthreads failed with the following output:
Change Dir: /home/alejandro/catkin_ws/build/ouster_client/CMakeFiles/CMakeTmp

Run Build Command:"/usr/bin/make" "cmTC_e0a8c/fast"
/usr/bin/make -f CMakeFiles/cmTC_e0a8c.dir/build.make CMakeFiles/cmTC_e0a8c.dir/build
make[1]: Entering directory '/home/alejandro/catkin_ws/build/ouster_client/CMakeFiles/CMakeTmp'
Building C object CMakeFiles/cmTC_e0a8c.dir/CheckFunctionExists.c.o
/usr/bin/cc    -DCHECK_FUNCTION_EXISTS=pthread_create   -o CMakeFiles/cmTC_e0a8c.dir/CheckFunctionExists.c.o   -c /usr/share/cmake-3.5/Modules/CheckFunctionExists.c
Linking C executable cmTC_e0a8c
/usr/bin/cmake -E cmake_link_script CMakeFiles/cmTC_e0a8c.dir/link.txt --verbose=1
/usr/bin/cc   -DCHECK_FUNCTION_EXISTS=pthread_create    CMakeFiles/cmTC_e0a8c.dir/CheckFunctionExists.c.o  -o cmTC_e0a8c -rdynamic -lpthreads 
/usr/bin/ld: cannot find -lpthreads
collect2: error: ld returned 1 exit status
CMakeFiles/cmTC_e0a8c.dir/build.make:97: recipe for target 'cmTC_e0a8c' failed
make[1]: *** [cmTC_e0a8c] Error 1
make[1]: Leaving directory '/home/alejandro/catkin_ws/build/ouster_client/CMakeFiles/CMakeTmp'
Makefile:126: recipe for target 'cmTC_e0a8c/fast' failed
make: *** [cmTC_e0a8c/fast] Error 2


