Determining if the pthread_create exist failed with the following output:
Change Dir: /home/alejandro/TFG/catkin_ws/build/ouster_gazebo_plugins/CMakeFiles/CMakeTmp

Run Build Command:"/usr/bin/make" "cmTC_dfd50/fast"
/usr/bin/make -f CMakeFiles/cmTC_dfd50.dir/build.make CMakeFiles/cmTC_dfd50.dir/build
make[1]: Entering directory '/home/alejandro/TFG/catkin_ws/build/ouster_gazebo_plugins/CMakeFiles/CMakeTmp'
Building C object CMakeFiles/cmTC_dfd50.dir/CheckSymbolExists.c.o
/usr/bin/cc     -o CMakeFiles/cmTC_dfd50.dir/CheckSymbolExists.c.o   -c /home/alejandro/TFG/catkin_ws/build/ouster_gazebo_plugins/CMakeFiles/CMakeTmp/CheckSymbolExists.c
Linking C executable cmTC_dfd50
/usr/bin/cmake -E cmake_link_script CMakeFiles/cmTC_dfd50.dir/link.txt --verbose=1
/usr/bin/cc       CMakeFiles/cmTC_dfd50.dir/CheckSymbolExists.c.o  -o cmTC_dfd50 -rdynamic 
CMakeFiles/cmTC_dfd50.dir/CheckSymbolExists.c.o: In function `main':
CheckSymbolExists.c:(.text+0x16): undefined reference to `pthread_create'
collect2: error: ld returned 1 exit status
CMakeFiles/cmTC_dfd50.dir/build.make:97: recipe for target 'cmTC_dfd50' failed
make[1]: *** [cmTC_dfd50] Error 1
make[1]: Leaving directory '/home/alejandro/TFG/catkin_ws/build/ouster_gazebo_plugins/CMakeFiles/CMakeTmp'
Makefile:126: recipe for target 'cmTC_dfd50/fast' failed
make: *** [cmTC_dfd50/fast] Error 2

File /home/alejandro/TFG/catkin_ws/build/ouster_gazebo_plugins/CMakeFiles/CMakeTmp/CheckSymbolExists.c:
/* */
#include <pthread.h>

int main(int argc, char** argv)
{
  (void)argv;
#ifndef pthread_create
  return ((int*)(&pthread_create))[argc];
#else
  (void)argc;
  return 0;
#endif
}

Determining if the function pthread_create exists in the pthreads failed with the following output:
Change Dir: /home/alejandro/TFG/catkin_ws/build/ouster_gazebo_plugins/CMakeFiles/CMakeTmp

Run Build Command:"/usr/bin/make" "cmTC_af659/fast"
/usr/bin/make -f CMakeFiles/cmTC_af659.dir/build.make CMakeFiles/cmTC_af659.dir/build
make[1]: Entering directory '/home/alejandro/TFG/catkin_ws/build/ouster_gazebo_plugins/CMakeFiles/CMakeTmp'
Building C object CMakeFiles/cmTC_af659.dir/CheckFunctionExists.c.o
/usr/bin/cc    -DCHECK_FUNCTION_EXISTS=pthread_create   -o CMakeFiles/cmTC_af659.dir/CheckFunctionExists.c.o   -c /usr/share/cmake-3.5/Modules/CheckFunctionExists.c
Linking C executable cmTC_af659
/usr/bin/cmake -E cmake_link_script CMakeFiles/cmTC_af659.dir/link.txt --verbose=1
/usr/bin/cc   -DCHECK_FUNCTION_EXISTS=pthread_create    CMakeFiles/cmTC_af659.dir/CheckFunctionExists.c.o  -o cmTC_af659 -rdynamic -lpthreads 
/usr/bin/ld: cannot find -lpthreads
collect2: error: ld returned 1 exit status
CMakeFiles/cmTC_af659.dir/build.make:97: recipe for target 'cmTC_af659' failed
make[1]: *** [cmTC_af659] Error 1
make[1]: Leaving directory '/home/alejandro/TFG/catkin_ws/build/ouster_gazebo_plugins/CMakeFiles/CMakeTmp'
Makefile:126: recipe for target 'cmTC_af659/fast' failed
make: *** [cmTC_af659/fast] Error 2


