Determining if the pthread_create exist failed with the following output:
Change Dir: /home/alejandro/TFG/catkin_ws/build/ouster_description/CMakeFiles/CMakeTmp

Run Build Command:"/usr/bin/make" "cmTC_f7b2f/fast"
/usr/bin/make -f CMakeFiles/cmTC_f7b2f.dir/build.make CMakeFiles/cmTC_f7b2f.dir/build
make[1]: Entering directory '/home/alejandro/TFG/catkin_ws/build/ouster_description/CMakeFiles/CMakeTmp'
Building C object CMakeFiles/cmTC_f7b2f.dir/CheckSymbolExists.c.o
/usr/bin/cc     -o CMakeFiles/cmTC_f7b2f.dir/CheckSymbolExists.c.o   -c /home/alejandro/TFG/catkin_ws/build/ouster_description/CMakeFiles/CMakeTmp/CheckSymbolExists.c
Linking C executable cmTC_f7b2f
/usr/bin/cmake -E cmake_link_script CMakeFiles/cmTC_f7b2f.dir/link.txt --verbose=1
/usr/bin/cc       CMakeFiles/cmTC_f7b2f.dir/CheckSymbolExists.c.o  -o cmTC_f7b2f -rdynamic 
CMakeFiles/cmTC_f7b2f.dir/CheckSymbolExists.c.o: In function `main':
CheckSymbolExists.c:(.text+0x16): undefined reference to `pthread_create'
collect2: error: ld returned 1 exit status
CMakeFiles/cmTC_f7b2f.dir/build.make:97: recipe for target 'cmTC_f7b2f' failed
make[1]: *** [cmTC_f7b2f] Error 1
make[1]: Leaving directory '/home/alejandro/TFG/catkin_ws/build/ouster_description/CMakeFiles/CMakeTmp'
Makefile:126: recipe for target 'cmTC_f7b2f/fast' failed
make: *** [cmTC_f7b2f/fast] Error 2

File /home/alejandro/TFG/catkin_ws/build/ouster_description/CMakeFiles/CMakeTmp/CheckSymbolExists.c:
/* */
#include <pthread.h>

int main(int argc, char** argv)
{
  (void)argv;
#ifndef pthread_create
  return ((int*)(&pthread_create))[argc];
#else
  (void)argc;
  return 0;
#endif
}

Determining if the function pthread_create exists in the pthreads failed with the following output:
Change Dir: /home/alejandro/TFG/catkin_ws/build/ouster_description/CMakeFiles/CMakeTmp

Run Build Command:"/usr/bin/make" "cmTC_783aa/fast"
/usr/bin/make -f CMakeFiles/cmTC_783aa.dir/build.make CMakeFiles/cmTC_783aa.dir/build
make[1]: Entering directory '/home/alejandro/TFG/catkin_ws/build/ouster_description/CMakeFiles/CMakeTmp'
Building C object CMakeFiles/cmTC_783aa.dir/CheckFunctionExists.c.o
/usr/bin/cc    -DCHECK_FUNCTION_EXISTS=pthread_create   -o CMakeFiles/cmTC_783aa.dir/CheckFunctionExists.c.o   -c /usr/share/cmake-3.5/Modules/CheckFunctionExists.c
Linking C executable cmTC_783aa
/usr/bin/cmake -E cmake_link_script CMakeFiles/cmTC_783aa.dir/link.txt --verbose=1
/usr/bin/cc   -DCHECK_FUNCTION_EXISTS=pthread_create    CMakeFiles/cmTC_783aa.dir/CheckFunctionExists.c.o  -o cmTC_783aa -rdynamic -lpthreads 
/usr/bin/ld: cannot find -lpthreads
collect2: error: ld returned 1 exit status
CMakeFiles/cmTC_783aa.dir/build.make:97: recipe for target 'cmTC_783aa' failed
make[1]: *** [cmTC_783aa] Error 1
make[1]: Leaving directory '/home/alejandro/TFG/catkin_ws/build/ouster_description/CMakeFiles/CMakeTmp'
Makefile:126: recipe for target 'cmTC_783aa/fast' failed
make: *** [cmTC_783aa/fast] Error 2


