Determining if the pthread_create exist failed with the following output:
Change Dir: /home/alejandro/catkin_ws/build/catkin_tools_prebuild/CMakeFiles/CMakeTmp

Run Build Command:"/usr/bin/make" "cmTC_844cb/fast"
/usr/bin/make -f CMakeFiles/cmTC_844cb.dir/build.make CMakeFiles/cmTC_844cb.dir/build
make[1]: Entering directory '/home/alejandro/catkin_ws/build/catkin_tools_prebuild/CMakeFiles/CMakeTmp'
Building C object CMakeFiles/cmTC_844cb.dir/CheckSymbolExists.c.o
/usr/bin/cc     -o CMakeFiles/cmTC_844cb.dir/CheckSymbolExists.c.o   -c /home/alejandro/catkin_ws/build/catkin_tools_prebuild/CMakeFiles/CMakeTmp/CheckSymbolExists.c
Linking C executable cmTC_844cb
/usr/bin/cmake -E cmake_link_script CMakeFiles/cmTC_844cb.dir/link.txt --verbose=1
/usr/bin/cc       CMakeFiles/cmTC_844cb.dir/CheckSymbolExists.c.o  -o cmTC_844cb -rdynamic 
CMakeFiles/cmTC_844cb.dir/CheckSymbolExists.c.o: In function `main':
CheckSymbolExists.c:(.text+0x16): undefined reference to `pthread_create'
collect2: error: ld returned 1 exit status
CMakeFiles/cmTC_844cb.dir/build.make:97: recipe for target 'cmTC_844cb' failed
make[1]: *** [cmTC_844cb] Error 1
make[1]: Leaving directory '/home/alejandro/catkin_ws/build/catkin_tools_prebuild/CMakeFiles/CMakeTmp'
Makefile:126: recipe for target 'cmTC_844cb/fast' failed
make: *** [cmTC_844cb/fast] Error 2

File /home/alejandro/catkin_ws/build/catkin_tools_prebuild/CMakeFiles/CMakeTmp/CheckSymbolExists.c:
/* */
#include <pthread.h>

int main(int argc, char** argv)
{
  (void)argv;
#ifndef pthread_create
  return ((int*)(&pthread_create))[argc];
#else
  (void)argc;
  return 0;
#endif
}

Determining if the function pthread_create exists in the pthreads failed with the following output:
Change Dir: /home/alejandro/catkin_ws/build/catkin_tools_prebuild/CMakeFiles/CMakeTmp

Run Build Command:"/usr/bin/make" "cmTC_7bf1b/fast"
/usr/bin/make -f CMakeFiles/cmTC_7bf1b.dir/build.make CMakeFiles/cmTC_7bf1b.dir/build
make[1]: Entering directory '/home/alejandro/catkin_ws/build/catkin_tools_prebuild/CMakeFiles/CMakeTmp'
Building C object CMakeFiles/cmTC_7bf1b.dir/CheckFunctionExists.c.o
/usr/bin/cc    -DCHECK_FUNCTION_EXISTS=pthread_create   -o CMakeFiles/cmTC_7bf1b.dir/CheckFunctionExists.c.o   -c /usr/share/cmake-3.5/Modules/CheckFunctionExists.c
Linking C executable cmTC_7bf1b
/usr/bin/cmake -E cmake_link_script CMakeFiles/cmTC_7bf1b.dir/link.txt --verbose=1
/usr/bin/cc   -DCHECK_FUNCTION_EXISTS=pthread_create    CMakeFiles/cmTC_7bf1b.dir/CheckFunctionExists.c.o  -o cmTC_7bf1b -rdynamic -lpthreads 
/usr/bin/ld: cannot find -lpthreads
collect2: error: ld returned 1 exit status
CMakeFiles/cmTC_7bf1b.dir/build.make:97: recipe for target 'cmTC_7bf1b' failed
make[1]: *** [cmTC_7bf1b] Error 1
make[1]: Leaving directory '/home/alejandro/catkin_ws/build/catkin_tools_prebuild/CMakeFiles/CMakeTmp'
Makefile:126: recipe for target 'cmTC_7bf1b/fast' failed
make: *** [cmTC_7bf1b/fast] Error 2


