Determining if the pthread_create exist failed with the following output:
Change Dir: /home/alejandro/TFG/catkin_ws/build/mav_msgs/CMakeFiles/CMakeTmp

Run Build Command:"/usr/bin/make" "cmTC_49f0f/fast"
/usr/bin/make -f CMakeFiles/cmTC_49f0f.dir/build.make CMakeFiles/cmTC_49f0f.dir/build
make[1]: Entering directory '/home/alejandro/TFG/catkin_ws/build/mav_msgs/CMakeFiles/CMakeTmp'
Building C object CMakeFiles/cmTC_49f0f.dir/CheckSymbolExists.c.o
/usr/bin/cc     -o CMakeFiles/cmTC_49f0f.dir/CheckSymbolExists.c.o   -c /home/alejandro/TFG/catkin_ws/build/mav_msgs/CMakeFiles/CMakeTmp/CheckSymbolExists.c
Linking C executable cmTC_49f0f
/usr/bin/cmake -E cmake_link_script CMakeFiles/cmTC_49f0f.dir/link.txt --verbose=1
/usr/bin/cc       CMakeFiles/cmTC_49f0f.dir/CheckSymbolExists.c.o  -o cmTC_49f0f -rdynamic 
CMakeFiles/cmTC_49f0f.dir/CheckSymbolExists.c.o: In function `main':
CheckSymbolExists.c:(.text+0x16): undefined reference to `pthread_create'
collect2: error: ld returned 1 exit status
CMakeFiles/cmTC_49f0f.dir/build.make:97: recipe for target 'cmTC_49f0f' failed
make[1]: *** [cmTC_49f0f] Error 1
make[1]: Leaving directory '/home/alejandro/TFG/catkin_ws/build/mav_msgs/CMakeFiles/CMakeTmp'
Makefile:126: recipe for target 'cmTC_49f0f/fast' failed
make: *** [cmTC_49f0f/fast] Error 2

File /home/alejandro/TFG/catkin_ws/build/mav_msgs/CMakeFiles/CMakeTmp/CheckSymbolExists.c:
/* */
#include <pthread.h>

int main(int argc, char** argv)
{
  (void)argv;
#ifndef pthread_create
  return ((int*)(&pthread_create))[argc];
#else
  (void)argc;
  return 0;
#endif
}

Determining if the function pthread_create exists in the pthreads failed with the following output:
Change Dir: /home/alejandro/TFG/catkin_ws/build/mav_msgs/CMakeFiles/CMakeTmp

Run Build Command:"/usr/bin/make" "cmTC_9c801/fast"
/usr/bin/make -f CMakeFiles/cmTC_9c801.dir/build.make CMakeFiles/cmTC_9c801.dir/build
make[1]: Entering directory '/home/alejandro/TFG/catkin_ws/build/mav_msgs/CMakeFiles/CMakeTmp'
Building C object CMakeFiles/cmTC_9c801.dir/CheckFunctionExists.c.o
/usr/bin/cc    -DCHECK_FUNCTION_EXISTS=pthread_create   -o CMakeFiles/cmTC_9c801.dir/CheckFunctionExists.c.o   -c /usr/share/cmake-3.5/Modules/CheckFunctionExists.c
Linking C executable cmTC_9c801
/usr/bin/cmake -E cmake_link_script CMakeFiles/cmTC_9c801.dir/link.txt --verbose=1
/usr/bin/cc   -DCHECK_FUNCTION_EXISTS=pthread_create    CMakeFiles/cmTC_9c801.dir/CheckFunctionExists.c.o  -o cmTC_9c801 -rdynamic -lpthreads 
/usr/bin/ld: cannot find -lpthreads
collect2: error: ld returned 1 exit status
CMakeFiles/cmTC_9c801.dir/build.make:97: recipe for target 'cmTC_9c801' failed
make[1]: *** [cmTC_9c801] Error 1
make[1]: Leaving directory '/home/alejandro/TFG/catkin_ws/build/mav_msgs/CMakeFiles/CMakeTmp'
Makefile:126: recipe for target 'cmTC_9c801/fast' failed
make: *** [cmTC_9c801/fast] Error 2


