Determining if the pthread_create exist failed with the following output:
Change Dir: /home/alejandro/catkin_ws/build/rqt_rotors/CMakeFiles/CMakeTmp

Run Build Command:"/usr/bin/make" "cmTC_de135/fast"
/usr/bin/make -f CMakeFiles/cmTC_de135.dir/build.make CMakeFiles/cmTC_de135.dir/build
make[1]: Entering directory '/home/alejandro/catkin_ws/build/rqt_rotors/CMakeFiles/CMakeTmp'
Building C object CMakeFiles/cmTC_de135.dir/CheckSymbolExists.c.o
/usr/bin/cc     -o CMakeFiles/cmTC_de135.dir/CheckSymbolExists.c.o   -c /home/alejandro/catkin_ws/build/rqt_rotors/CMakeFiles/CMakeTmp/CheckSymbolExists.c
Linking C executable cmTC_de135
/usr/bin/cmake -E cmake_link_script CMakeFiles/cmTC_de135.dir/link.txt --verbose=1
/usr/bin/cc       CMakeFiles/cmTC_de135.dir/CheckSymbolExists.c.o  -o cmTC_de135 -rdynamic 
CMakeFiles/cmTC_de135.dir/CheckSymbolExists.c.o: In function `main':
CheckSymbolExists.c:(.text+0x16): undefined reference to `pthread_create'
collect2: error: ld returned 1 exit status
CMakeFiles/cmTC_de135.dir/build.make:97: recipe for target 'cmTC_de135' failed
make[1]: *** [cmTC_de135] Error 1
make[1]: Leaving directory '/home/alejandro/catkin_ws/build/rqt_rotors/CMakeFiles/CMakeTmp'
Makefile:126: recipe for target 'cmTC_de135/fast' failed
make: *** [cmTC_de135/fast] Error 2

File /home/alejandro/catkin_ws/build/rqt_rotors/CMakeFiles/CMakeTmp/CheckSymbolExists.c:
/* */
#include <pthread.h>

int main(int argc, char** argv)
{
  (void)argv;
#ifndef pthread_create
  return ((int*)(&pthread_create))[argc];
#else
  (void)argc;
  return 0;
#endif
}

Determining if the function pthread_create exists in the pthreads failed with the following output:
Change Dir: /home/alejandro/catkin_ws/build/rqt_rotors/CMakeFiles/CMakeTmp

Run Build Command:"/usr/bin/make" "cmTC_52dee/fast"
/usr/bin/make -f CMakeFiles/cmTC_52dee.dir/build.make CMakeFiles/cmTC_52dee.dir/build
make[1]: Entering directory '/home/alejandro/catkin_ws/build/rqt_rotors/CMakeFiles/CMakeTmp'
Building C object CMakeFiles/cmTC_52dee.dir/CheckFunctionExists.c.o
/usr/bin/cc    -DCHECK_FUNCTION_EXISTS=pthread_create   -o CMakeFiles/cmTC_52dee.dir/CheckFunctionExists.c.o   -c /usr/share/cmake-3.5/Modules/CheckFunctionExists.c
Linking C executable cmTC_52dee
/usr/bin/cmake -E cmake_link_script CMakeFiles/cmTC_52dee.dir/link.txt --verbose=1
/usr/bin/cc   -DCHECK_FUNCTION_EXISTS=pthread_create    CMakeFiles/cmTC_52dee.dir/CheckFunctionExists.c.o  -o cmTC_52dee -rdynamic -lpthreads 
/usr/bin/ld: cannot find -lpthreads
collect2: error: ld returned 1 exit status
CMakeFiles/cmTC_52dee.dir/build.make:97: recipe for target 'cmTC_52dee' failed
make[1]: *** [cmTC_52dee] Error 1
make[1]: Leaving directory '/home/alejandro/catkin_ws/build/rqt_rotors/CMakeFiles/CMakeTmp'
Makefile:126: recipe for target 'cmTC_52dee/fast' failed
make: *** [cmTC_52dee/fast] Error 2


