Determining if the pthread_create exist failed with the following output:
Change Dir: /home/alejandro/catkin_ws/build/rotors_joy_interface/CMakeFiles/CMakeTmp

Run Build Command:"/usr/bin/make" "cmTC_d4277/fast"
/usr/bin/make -f CMakeFiles/cmTC_d4277.dir/build.make CMakeFiles/cmTC_d4277.dir/build
make[1]: Entering directory '/home/alejandro/catkin_ws/build/rotors_joy_interface/CMakeFiles/CMakeTmp'
Building C object CMakeFiles/cmTC_d4277.dir/CheckSymbolExists.c.o
/usr/bin/cc     -o CMakeFiles/cmTC_d4277.dir/CheckSymbolExists.c.o   -c /home/alejandro/catkin_ws/build/rotors_joy_interface/CMakeFiles/CMakeTmp/CheckSymbolExists.c
Linking C executable cmTC_d4277
/usr/bin/cmake -E cmake_link_script CMakeFiles/cmTC_d4277.dir/link.txt --verbose=1
/usr/bin/cc       CMakeFiles/cmTC_d4277.dir/CheckSymbolExists.c.o  -o cmTC_d4277 -rdynamic 
CMakeFiles/cmTC_d4277.dir/CheckSymbolExists.c.o: In function `main':
CheckSymbolExists.c:(.text+0x16): undefined reference to `pthread_create'
collect2: error: ld returned 1 exit status
CMakeFiles/cmTC_d4277.dir/build.make:97: recipe for target 'cmTC_d4277' failed
make[1]: *** [cmTC_d4277] Error 1
make[1]: Leaving directory '/home/alejandro/catkin_ws/build/rotors_joy_interface/CMakeFiles/CMakeTmp'
Makefile:126: recipe for target 'cmTC_d4277/fast' failed
make: *** [cmTC_d4277/fast] Error 2

File /home/alejandro/catkin_ws/build/rotors_joy_interface/CMakeFiles/CMakeTmp/CheckSymbolExists.c:
/* */
#include <pthread.h>

int main(int argc, char** argv)
{
  (void)argv;
#ifndef pthread_create
  return ((int*)(&pthread_create))[argc];
#else
  (void)argc;
  return 0;
#endif
}

Determining if the function pthread_create exists in the pthreads failed with the following output:
Change Dir: /home/alejandro/catkin_ws/build/rotors_joy_interface/CMakeFiles/CMakeTmp

Run Build Command:"/usr/bin/make" "cmTC_dd33d/fast"
/usr/bin/make -f CMakeFiles/cmTC_dd33d.dir/build.make CMakeFiles/cmTC_dd33d.dir/build
make[1]: Entering directory '/home/alejandro/catkin_ws/build/rotors_joy_interface/CMakeFiles/CMakeTmp'
Building C object CMakeFiles/cmTC_dd33d.dir/CheckFunctionExists.c.o
/usr/bin/cc    -DCHECK_FUNCTION_EXISTS=pthread_create   -o CMakeFiles/cmTC_dd33d.dir/CheckFunctionExists.c.o   -c /usr/share/cmake-3.5/Modules/CheckFunctionExists.c
Linking C executable cmTC_dd33d
/usr/bin/cmake -E cmake_link_script CMakeFiles/cmTC_dd33d.dir/link.txt --verbose=1
/usr/bin/cc   -DCHECK_FUNCTION_EXISTS=pthread_create    CMakeFiles/cmTC_dd33d.dir/CheckFunctionExists.c.o  -o cmTC_dd33d -rdynamic -lpthreads 
/usr/bin/ld: cannot find -lpthreads
collect2: error: ld returned 1 exit status
CMakeFiles/cmTC_dd33d.dir/build.make:97: recipe for target 'cmTC_dd33d' failed
make[1]: *** [cmTC_dd33d] Error 1
make[1]: Leaving directory '/home/alejandro/catkin_ws/build/rotors_joy_interface/CMakeFiles/CMakeTmp'
Makefile:126: recipe for target 'cmTC_dd33d/fast' failed
make: *** [cmTC_dd33d/fast] Error 2


