Determining if the pthread_create exist failed with the following output:
Change Dir: /home/alejandro/catkin_ws/build/mavros_extras/CMakeFiles/CMakeTmp

Run Build Command:"/usr/bin/make" "cmTC_418de/fast"
/usr/bin/make -f CMakeFiles/cmTC_418de.dir/build.make CMakeFiles/cmTC_418de.dir/build
make[1]: Entering directory '/home/alejandro/catkin_ws/build/mavros_extras/CMakeFiles/CMakeTmp'
Building C object CMakeFiles/cmTC_418de.dir/CheckSymbolExists.c.o
/usr/bin/cc     -o CMakeFiles/cmTC_418de.dir/CheckSymbolExists.c.o   -c /home/alejandro/catkin_ws/build/mavros_extras/CMakeFiles/CMakeTmp/CheckSymbolExists.c
Linking C executable cmTC_418de
/usr/bin/cmake -E cmake_link_script CMakeFiles/cmTC_418de.dir/link.txt --verbose=1
/usr/bin/cc       CMakeFiles/cmTC_418de.dir/CheckSymbolExists.c.o  -o cmTC_418de -rdynamic 
CMakeFiles/cmTC_418de.dir/CheckSymbolExists.c.o: In function `main':
CheckSymbolExists.c:(.text+0x16): undefined reference to `pthread_create'
collect2: error: ld returned 1 exit status
CMakeFiles/cmTC_418de.dir/build.make:97: recipe for target 'cmTC_418de' failed
make[1]: *** [cmTC_418de] Error 1
make[1]: Leaving directory '/home/alejandro/catkin_ws/build/mavros_extras/CMakeFiles/CMakeTmp'
Makefile:126: recipe for target 'cmTC_418de/fast' failed
make: *** [cmTC_418de/fast] Error 2

File /home/alejandro/catkin_ws/build/mavros_extras/CMakeFiles/CMakeTmp/CheckSymbolExists.c:
/* */
#include <pthread.h>

int main(int argc, char** argv)
{
  (void)argv;
#ifndef pthread_create
  return ((int*)(&pthread_create))[argc];
#else
  (void)argc;
  return 0;
#endif
}

Determining if the function pthread_create exists in the pthreads failed with the following output:
Change Dir: /home/alejandro/catkin_ws/build/mavros_extras/CMakeFiles/CMakeTmp

Run Build Command:"/usr/bin/make" "cmTC_aa586/fast"
/usr/bin/make -f CMakeFiles/cmTC_aa586.dir/build.make CMakeFiles/cmTC_aa586.dir/build
make[1]: Entering directory '/home/alejandro/catkin_ws/build/mavros_extras/CMakeFiles/CMakeTmp'
Building C object CMakeFiles/cmTC_aa586.dir/CheckFunctionExists.c.o
/usr/bin/cc    -DCHECK_FUNCTION_EXISTS=pthread_create   -o CMakeFiles/cmTC_aa586.dir/CheckFunctionExists.c.o   -c /usr/share/cmake-3.5/Modules/CheckFunctionExists.c
Linking C executable cmTC_aa586
/usr/bin/cmake -E cmake_link_script CMakeFiles/cmTC_aa586.dir/link.txt --verbose=1
/usr/bin/cc   -DCHECK_FUNCTION_EXISTS=pthread_create    CMakeFiles/cmTC_aa586.dir/CheckFunctionExists.c.o  -o cmTC_aa586 -rdynamic -lpthreads 
/usr/bin/ld: cannot find -lpthreads
collect2: error: ld returned 1 exit status
CMakeFiles/cmTC_aa586.dir/build.make:97: recipe for target 'cmTC_aa586' failed
make[1]: *** [cmTC_aa586] Error 1
make[1]: Leaving directory '/home/alejandro/catkin_ws/build/mavros_extras/CMakeFiles/CMakeTmp'
Makefile:126: recipe for target 'cmTC_aa586/fast' failed
make: *** [cmTC_aa586/fast] Error 2


