Determining if the pthread_create exist failed with the following output:
Change Dir: /home/alejandro/catkin_ws/build/rotors_hil_interface/CMakeFiles/CMakeTmp

Run Build Command:"/usr/bin/make" "cmTC_838e0/fast"
/usr/bin/make -f CMakeFiles/cmTC_838e0.dir/build.make CMakeFiles/cmTC_838e0.dir/build
make[1]: Entering directory '/home/alejandro/catkin_ws/build/rotors_hil_interface/CMakeFiles/CMakeTmp'
Building C object CMakeFiles/cmTC_838e0.dir/CheckSymbolExists.c.o
/usr/bin/cc     -o CMakeFiles/cmTC_838e0.dir/CheckSymbolExists.c.o   -c /home/alejandro/catkin_ws/build/rotors_hil_interface/CMakeFiles/CMakeTmp/CheckSymbolExists.c
Linking C executable cmTC_838e0
/usr/bin/cmake -E cmake_link_script CMakeFiles/cmTC_838e0.dir/link.txt --verbose=1
/usr/bin/cc       CMakeFiles/cmTC_838e0.dir/CheckSymbolExists.c.o  -o cmTC_838e0 -rdynamic 
CMakeFiles/cmTC_838e0.dir/CheckSymbolExists.c.o: In function `main':
CheckSymbolExists.c:(.text+0x16): undefined reference to `pthread_create'
collect2: error: ld returned 1 exit status
CMakeFiles/cmTC_838e0.dir/build.make:97: recipe for target 'cmTC_838e0' failed
make[1]: *** [cmTC_838e0] Error 1
make[1]: Leaving directory '/home/alejandro/catkin_ws/build/rotors_hil_interface/CMakeFiles/CMakeTmp'
Makefile:126: recipe for target 'cmTC_838e0/fast' failed
make: *** [cmTC_838e0/fast] Error 2

File /home/alejandro/catkin_ws/build/rotors_hil_interface/CMakeFiles/CMakeTmp/CheckSymbolExists.c:
/* */
#include <pthread.h>

int main(int argc, char** argv)
{
  (void)argv;
#ifndef pthread_create
  return ((int*)(&pthread_create))[argc];
#else
  (void)argc;
  return 0;
#endif
}

Determining if the function pthread_create exists in the pthreads failed with the following output:
Change Dir: /home/alejandro/catkin_ws/build/rotors_hil_interface/CMakeFiles/CMakeTmp

Run Build Command:"/usr/bin/make" "cmTC_3ec47/fast"
/usr/bin/make -f CMakeFiles/cmTC_3ec47.dir/build.make CMakeFiles/cmTC_3ec47.dir/build
make[1]: Entering directory '/home/alejandro/catkin_ws/build/rotors_hil_interface/CMakeFiles/CMakeTmp'
Building C object CMakeFiles/cmTC_3ec47.dir/CheckFunctionExists.c.o
/usr/bin/cc    -DCHECK_FUNCTION_EXISTS=pthread_create   -o CMakeFiles/cmTC_3ec47.dir/CheckFunctionExists.c.o   -c /usr/share/cmake-3.5/Modules/CheckFunctionExists.c
Linking C executable cmTC_3ec47
/usr/bin/cmake -E cmake_link_script CMakeFiles/cmTC_3ec47.dir/link.txt --verbose=1
/usr/bin/cc   -DCHECK_FUNCTION_EXISTS=pthread_create    CMakeFiles/cmTC_3ec47.dir/CheckFunctionExists.c.o  -o cmTC_3ec47 -rdynamic -lpthreads 
/usr/bin/ld: cannot find -lpthreads
collect2: error: ld returned 1 exit status
CMakeFiles/cmTC_3ec47.dir/build.make:97: recipe for target 'cmTC_3ec47' failed
make[1]: *** [cmTC_3ec47] Error 1
make[1]: Leaving directory '/home/alejandro/catkin_ws/build/rotors_hil_interface/CMakeFiles/CMakeTmp'
Makefile:126: recipe for target 'cmTC_3ec47/fast' failed
make: *** [cmTC_3ec47/fast] Error 2


