[01m[K/home/alejandro/catkin_ws/src/mis_programas/src/control_velocidad.cpp:[m[K In function ‘[01m[Kvoid odom_callback(const ConstPtr&)[m[K’:
[01m[K/home/alejandro/catkin_ws/src/mis_programas/src/control_velocidad.cpp:58:19:[m[K [01;31m[Kerror: [m[Kno match for ‘[01m[Koperator+=[m[K’ (operand types are ‘[01m[KEigen::Vector3d {aka Eigen::Matrix<double, 3, 1>}[m[K’ and ‘[01m[Kdouble[m[K’)
     init_position += (0.05, 0.0 , 0.0);
[01;32m[K                   ^[m[K
In file included from [01m[K/usr/include/eigen3/Eigen/Core:345:0[m[K,
                 from [01m[K/home/alejandro/catkin_ws/src/mis_programas/src/control_velocidad.cpp:2[m[K:
[01m[K/usr/include/eigen3/Eigen/src/Core/MatrixBase.h:158:14:[m[K [01;36m[Knote: [m[Kcandidate: template<class OtherDerived> Derived& Eigen::MatrixBase<Derived>::operator+=(const Eigen::MatrixBase<OtherDerived>&) [with OtherDerived = OtherDerived; Derived = Eigen::Matrix<double, 3, 1>]
     Derived& operator+=(const MatrixBase<OtherDerived>& other);
[01;32m[K              ^[m[K
[01m[K/usr/include/eigen3/Eigen/src/Core/MatrixBase.h:158:14:[m[K [01;36m[Knote: [m[K  template argument deduction/substitution failed:
[01m[K/home/alejandro/catkin_ws/src/mis_programas/src/control_velocidad.cpp:58:19:[m[K [01;36m[Knote: [m[K  mismatched types ‘[01m[Kconst Eigen::MatrixBase<Derived>[m[K’ and ‘[01m[Kdouble[m[K’
     init_position += (0.05, 0.0 , 0.0);
[01;32m[K                   ^[m[K
In file included from [01m[K/usr/include/eigen3/Eigen/Core:345:0[m[K,
                 from [01m[K/home/alejandro/catkin_ws/src/mis_programas/src/control_velocidad.cpp:2[m[K:
[01m[K/usr/include/eigen3/Eigen/src/Core/MatrixBase.h:473:46:[m[K [01;36m[Knote: [m[Kcandidate: template<class OtherDerived> Derived& Eigen::MatrixBase<Derived>::operator+=(const Eigen::ArrayBase<OtherDerived>&) [with OtherDerived = OtherDerived; Derived = Eigen::Matrix<double, 3, 1>]
     template<typename OtherDerived> Derived& operator+=(const ArrayBase<OtherDerived>& )
[01;32m[K                                              ^[m[K
[01m[K/usr/include/eigen3/Eigen/src/Core/MatrixBase.h:473:46:[m[K [01;36m[Knote: [m[K  template argument deduction/substitution failed:
[01m[K/home/alejandro/catkin_ws/src/mis_programas/src/control_velocidad.cpp:58:19:[m[K [01;36m[Knote: [m[K  mismatched types ‘[01m[Kconst Eigen::ArrayBase<Derived>[m[K’ and ‘[01m[Kdouble[m[K’
     init_position += (0.05, 0.0 , 0.0);
[01;32m[K                   ^[m[K
In file included from [01m[K/usr/include/eigen3/Eigen/Core:344:0[m[K,
                 from [01m[K/home/alejandro/catkin_ws/src/mis_programas/src/control_velocidad.cpp:2[m[K:
[01m[K/usr/include/eigen3/Eigen/src/Core/DenseBase.h:293:14:[m[K [01;36m[Knote: [m[Kcandidate: template<class OtherDerived> Derived& Eigen::DenseBase<Derived>::operator+=(const Eigen::EigenBase<OtherDerived>&) [with OtherDerived = OtherDerived; Derived = Eigen::Matrix<double, 3, 1>]
     Derived& operator+=(const EigenBase<OtherDerived> &other);
[01;32m[K              ^[m[K
[01m[K/usr/include/eigen3/Eigen/src/Core/DenseBase.h:293:14:[m[K [01;36m[Knote: [m[K  template argument deduction/substitution failed:
[01m[K/home/alejandro/catkin_ws/src/mis_programas/src/control_velocidad.cpp:58:19:[m[K [01;36m[Knote: [m[K  mismatched types ‘[01m[Kconst Eigen::EigenBase<Derived>[m[K’ and ‘[01m[Kdouble[m[K’
     init_position += (0.05, 0.0 , 0.0);
[01;32m[K                   ^[m[K
make[2]: *** [CMakeFiles/control_velocidad.dir/src/control_velocidad.cpp.o] Error 1
make[1]: *** [CMakeFiles/control_velocidad.dir/all] Error 2
make: *** [all] Error 2
